<?xml version="1.0" encoding="UTF-8"?>
<!-- Generated by org.testng.reporters.JUnitReportReporter -->
<testsuite hostname="DESKTOP-VLHT10O" failures="0" tests="1" name="Tests.TestOne" time="14.843" errors="0" timestamp="2024-04-09T09:42:29 PDT" skipped="0">
  <testcase classname="Tests.TestOne" name="one" time="14.843"/>
</testsuite> <!-- Tests.TestOne -->
