<?xml version="1.0" encoding="UTF-8"?>
<!-- Generated by org.testng.reporters.JUnitReportReporter -->
<testsuite hostname="DESKTOP-VLHT10O" failures="0" tests="1" name="Runner.TestRunner" time="7.484" errors="0" timestamp="2024-04-07T21:31:40 PDT" skipped="0">
  <testcase classname="Runner.TestRunner" name="runScenario" time="7.484"/>
</testsuite> <!-- Runner.TestRunner -->
