<?xml version="1.0" encoding="UTF-8"?>
<!-- Generated by org.testng.reporters.JUnitReportReporter -->
<testsuite hostname="DESKTOP-VLHT10O" failures="0" tests="2" name="Tests.Login" time="27.468" errors="0" timestamp="2024-04-09T09:42:29 PDT" skipped="0">
  <testcase classname="Tests.Login" name="tutorials" time="8.869"/>
  <testcase classname="Tests.Login" name="tutorials" time="18.599"/>
</testsuite> <!-- Tests.Login -->
